20:31:24 **** Build of configuration Release for project firstArduino ****
"D:\\Downloads\\Sloeber\\arduinoPlugin\\tools\\make\\make" all 
'Building target: firstArduino'
'Printing size:'
"D:\Downloads\Sloeber\arduinoPlugin\packages\arduino\tools\avr-gcc\7.3.0-atmel3.6.1-arduino7/bin/avr-size" -A "E:\myFirstSloeber\firstArduino\Release/firstArduino.elf"
E:\myFirstSloeber\firstArduino\Release/firstArduino.elf  :
section                     size      addr
.data                        322   8388864
.text                       5440         0
.bss                        1212   8389186
.comment                      17         0
.note.gnu.avr.deviceinfo      64         0
.debug_aranges               232         0
.debug_info                20827         0
.debug_abbrev               3532         0
.debug_line                 5743         0
.debug_frame                1044         0
.debug_str                  4404         0
.debug_loc                 10295         0
.debug_ranges                520         0
Total                      53652


'Finished building target: firstArduino'
' '

20:31:24 Build Finished. 0 errors, 0 warnings. (took 366ms)

